[00:03:32] [User Authenticator #8/INFO]: UUID of player anotherMIsa is 1f81fcbc-5c84-359a-87c6-0b01ed9e427e
[00:03:32] [Server thread/INFO]: anotherMIsa joined the game
[00:03:32] [Server thread/INFO]: anotherMIsa[/125.164.17.248:18775] logged in with entity id 26382 at ([world]68.25114698178268, 64.15742543334164, 133.24240624072468)
[00:04:12] [Server thread/INFO]: anotherMIsa lost connection: Disconnected
[00:04:12] [Server thread/INFO]: anotherMIsa left the game
[01:30:43] [User Authenticator #9/INFO]: UUID of player MrLION7 is 06eec3e3-25cc-33fc-bd81-524482930834
[01:30:43] [Server thread/INFO]: MrLION7 joined the game
[01:30:43] [Server thread/INFO]: MrLION7[/103.194.175.70:51101] logged in with entity id 26563 at ([world]147.29490091954654, 63.0, 191.1809113128853)
[01:32:26] [Server thread/INFO]: MrLION7 lost connection: Disconnected
[01:32:27] [Server thread/INFO]: MrLION7 left the game
[01:34:54] [User Authenticator #10/INFO]: UUID of player MrLION7 is 06eec3e3-25cc-33fc-bd81-524482930834
[01:34:54] [Server thread/INFO]: MrLION7 joined the game
[01:34:54] [Server thread/INFO]: MrLION7[/103.194.175.70:51278] logged in with entity id 26883 at ([world]150.40994246166656, 63.0, 197.56384116915206)
[02:11:08] [Server thread/INFO]: Villager EntityVillager['Fisherman'/227, uuid='cef8b7f9-6f50-49c5-8529-05f36b43fd82', l='ServerLevel[world]', x=89.70, y=63.00, z=130.91, cpos=[5, 8], tl=4288488, v=true] died, message: 'Fisherman was slain by Zombie Villager'
[02:34:03] [User Authenticator #11/INFO]: UUID of player anotherMIsa is 1f81fcbc-5c84-359a-87c6-0b01ed9e427e
[02:34:03] [Server thread/INFO]: anotherMIsa joined the game
[02:34:03] [Server thread/INFO]: anotherMIsa[/125.164.17.248:9085] logged in with entity id 33964 at ([world]71.9023918900339, 65.0, 145.0073767395253)
[02:36:40] [Server thread/INFO]: anotherMIsa lost connection: Disconnected
[02:36:40] [Server thread/INFO]: anotherMIsa left the game
[02:49:59] [User Authenticator #12/INFO]: UUID of player anotherMIsa is 1f81fcbc-5c84-359a-87c6-0b01ed9e427e
[02:49:59] [Server thread/INFO]: anotherMIsa joined the game
[02:49:59] [Server thread/INFO]: anotherMIsa[/125.164.22.251:1593] logged in with entity id 35692 at ([world]79.1568203351005, 63.9375, 157.3297640082798)
[02:51:01] [Async Chat Thread - #12/INFO]: [Not Secure] <anotherMIsa> bro
[02:51:04] [Async Chat Thread - #12/INFO]: [Not Secure] <anotherMIsa> sex dungeon
[02:51:14] [Async Chat Thread - #13/INFO]: [Not Secure] <MrLION7> Yeah segs
[02:51:28] [Async Chat Thread - #12/INFO]: [Not Secure] <MrLION7> here the new recruit
[02:51:32] [Async Chat Thread - #13/INFO]: [Not Secure] <anotherMIsa> nice
[02:52:48] [Async Chat Thread - #14/INFO]: [Not Secure] <MrLION7> im going to do stuff in real life
[02:52:52] [Async Chat Thread - #15/INFO]: [Not Secure] <anotherMIsa> okay
[02:52:59] [Async Chat Thread - #15/INFO]: [Not Secure] <MrLION7> see u
[02:53:01] [Server thread/INFO]: MrLION7 lost connection: Disconnected
[02:53:01] [Server thread/INFO]: MrLION7 left the game
[02:53:10] [Server thread/INFO]: anotherMIsa lost connection: Disconnected
[02:53:10] [Server thread/INFO]: anotherMIsa left the game
[03:27:58] [User Authenticator #13/INFO]: UUID of player anotherMIsa is 1f81fcbc-5c84-359a-87c6-0b01ed9e427e
[03:27:58] [Server thread/INFO]: anotherMIsa joined the game
[03:27:58] [Server thread/INFO]: anotherMIsa[/125.164.20.78:30395] logged in with entity id 36084 at ([world]137.12282251448156, 42.0, 196.53787499304892)
[03:53:51] [User Authenticator #14/INFO]: UUID of player Erha is bd45ffeb-dc80-3267-971b-9cd919fe3180
[03:53:51] [Server thread/INFO]: Erha joined the game
[03:53:51] [Server thread/INFO]: Erha[/125.160.156.3:56382] logged in with entity id 39295 at ([world]109.97193479608697, 62.9375, 165.6049087074328)
[04:03:19] [User Authenticator #15/INFO]: UUID of player Regyyy is 6d8443fc-689b-3165-8aec-87269d51b64e
[04:03:19] [Server thread/INFO]: Regyyy joined the game
[04:03:19] [Server thread/INFO]: Regyyy[/125.164.99.182:25680] logged in with entity id 40379 at ([world]111.45883191038249, 69.0, 86.99300051603194)
[04:05:00] [Async Chat Thread - #16/INFO]: [Not Secure] <Regyyy> selamat pagi people
[04:10:14] [Async Chat Thread - #18/INFO]: [Not Secure] <Erha> Turu
[04:38:33] [Server thread/INFO]: anotherMIsa lost connection: Disconnected
[04:38:33] [Server thread/INFO]: anotherMIsa left the game
[04:45:57] [Async Chat Thread - #20/INFO]: [Not Secure] <Regyyy> hello people
[04:46:05] [Async Chat Thread - #21/INFO]: [Not Secure] <Erha> Ui
[04:48:27] [Server thread/INFO]: Erha was slain by Wither Skeleton
[04:48:33] [Async Chat Thread - #22/INFO]: [Not Secure] <Regyyy> tidak awikwok
[04:48:58] [Async Chat Thread - #23/INFO]: [Not Secure] <Erha> Di gengbeng mulu
[04:51:11] [Server thread/INFO]: Erha was shot by Skeleton
[04:51:20] [Async Chat Thread - #24/INFO]: [Not Secure] <Regyyy> you need help?
[04:51:44] [Async Chat Thread - #24/INFO]: [Not Secure] <Erha> Lu punya apple ga
[04:51:48] [Async Chat Thread - #24/INFO]: [Not Secure] <Regyyy> engga
[04:55:05] [Async Chat Thread - #26/INFO]: [Not Secure] <Regyyy> ni ada 1
[04:57:09] [Async Chat Thread - #28/INFO]: [Not Secure] <Erha> Dah aman keknya ni
[04:58:56] [Server thread/INFO]: Regyyy lost connection: Disconnected
[04:58:56] [Server thread/INFO]: Regyyy left the game
[05:00:11] [User Authenticator #16/INFO]: UUID of player Regyyy is 6d8443fc-689b-3165-8aec-87269d51b64e
[05:00:11] [Server thread/INFO]: Regyyy joined the game
[05:00:11] [Server thread/INFO]: Regyyy[/125.164.99.182:13956] logged in with entity id 53012 at ([world]59.45392816630065, 78.0, 108.89555205863762)
[05:05:38] [Async Chat Thread - #30/INFO]: [Not Secure] <Regyyy> the fuck is this
[05:06:17] [Async Chat Thread - #31/INFO]: [Not Secure] <Erha> Afk geming dlu gw
[05:06:20] [Async Chat Thread - #31/INFO]: [Not Secure] <Regyyy> ok
[05:10:33] [Server thread/INFO]: Regyyy has made the advancement [Not Today, Thank You]
[05:11:01] [Server thread/INFO]: Regyyy was doomed to fall by Pillager
[05:16:06] [Server thread/INFO]: Regyyy lost connection: Disconnected
[05:16:06] [Server thread/INFO]: Regyyy left the game
[05:16:32] [User Authenticator #17/INFO]: UUID of player Regyyy is 6d8443fc-689b-3165-8aec-87269d51b64e
[05:16:32] [Server thread/INFO]: Regyyy joined the game
[05:16:32] [Server thread/INFO]: Regyyy[/125.164.99.182:9410] logged in with entity id 56365 at ([world]74.31143724226128, 72.0, 112.14925765964229)
[05:20:10] [Server thread/INFO]: Regyyy lost connection: Disconnected
[05:20:10] [Server thread/INFO]: Regyyy left the game
[05:20:52] [User Authenticator #18/INFO]: UUID of player Regyyy is 6d8443fc-689b-3165-8aec-87269d51b64e
[05:20:52] [Server thread/INFO]: Regyyy joined the game
[05:20:52] [Server thread/INFO]: Regyyy[/125.164.99.182:20986] logged in with entity id 57035 at ([world]69.04069529089, 85.0, 112.5926640566965)
[05:21:07] [Server thread/INFO]: Regyyy lost connection: Disconnected
[05:21:07] [Server thread/INFO]: Regyyy left the game
[05:22:00] [User Authenticator #19/INFO]: UUID of player Regyyy is 6d8443fc-689b-3165-8aec-87269d51b64e
[05:22:00] [Server thread/INFO]: Regyyy joined the game
[05:22:00] [Server thread/INFO]: Regyyy[/125.164.99.182:31045] logged in with entity id 57192 at ([world]59.36095040842189, 92.0, 105.3049681712159)
[05:22:41] [Server thread/INFO]: Regyyy lost connection: Disconnected
[05:22:41] [Server thread/INFO]: Regyyy left the game
[05:23:06] [User Authenticator #20/INFO]: UUID of player Regyyy is 6d8443fc-689b-3165-8aec-87269d51b64e
[05:23:07] [Server thread/INFO]: Regyyy joined the game
[05:23:07] [Server thread/INFO]: Regyyy[/125.164.99.182:19301] logged in with entity id 57365 at ([world]60.33338079156385, 70.0, 89.665216833997)
[05:40:28] [User Authenticator #21/INFO]: UUID of player MrLION7 is 06eec3e3-25cc-33fc-bd81-524482930834
[05:40:28] [Server thread/INFO]: MrLION7 joined the game
[05:40:28] [Server thread/INFO]: MrLION7[/103.194.175.70:52202] logged in with entity id 60062 at ([world]148.6028974590553, 42.0, 196.38128343272083)
[05:43:33] [Async Chat Thread - #32/INFO]: [Not Secure] <Regyyy> bone jangan dibuang bang
[05:43:43] [Async Chat Thread - #33/INFO]: [Not Secure] <Erha> Ambil tuh di air wkwkwkw
[06:03:53] [Async Chat Thread - #34/INFO]: [Not Secure] <Erha> Lu mau makai?
[06:03:59] [Async Chat Thread - #34/INFO]: [Not Secure] <MrLION7> bone
[06:04:08] [Async Chat Thread - #35/INFO]: [Not Secure] <Erha> Ooh
[06:04:31] [User Authenticator #22/INFO]: UUID of player LordMax4581 is 6606d17d-390b-3858-aa5c-3343f71255dc
[06:04:31] [Server thread/INFO]: LordMax4581 joined the game
[06:04:31] [Server thread/INFO]: LordMax4581[/127.0.0.1:50821] logged in with entity id 64606 at ([world]251.5, 63.0, 300.5)
[06:04:45] [Async Chat Thread - #34/INFO]: [Not Secure] <MrLION7> MAKAI POKET EDITION
[06:04:51] [Async Chat Thread - #35/INFO]: [Not Secure] <LordMax4581> yes
[06:04:55] [Async Chat Thread - #34/INFO]: [Not Secure] <MrLION7> geming
[06:05:22] [Server thread/INFO]: Regyyy lost connection: Disconnected
[06:05:22] [Server thread/INFO]: Regyyy left the game
[06:15:36] [Async Chat Thread - #36/INFO]: [Not Secure] <MrLION7> rihan
[06:15:41] [Async Chat Thread - #37/INFO]: [Not Secure] <MrLION7> RIHAN
[06:15:46] [Async Chat Thread - #36/INFO]: [Not Secure] <MrLION7> JANGAN NAIK
[06:15:54] [Async Chat Thread - #37/INFO]: [Not Secure] <MrLION7> MAX JANGAN KE SPAWN
[06:15:58] [Async Chat Thread - #36/INFO]: [Not Secure] <Erha> Hah
[06:16:08] [Async Chat Thread - #36/INFO]: [Not Secure] <LordMax4581> nape
[06:16:37] [Async Chat Thread - #37/INFO]: [Not Secure] <MrLION7> ok aman
[06:16:44] [Async Chat Thread - #36/INFO]: [Not Secure] <MrLION7> bug doang
[06:23:31] [Async Chat Thread - #39/INFO]: [Not Secure] <MrLION7> rihan
[06:23:38] [Async Chat Thread - #38/INFO]: [Not Secure] <MrLION7> I need invest
[06:23:46] [Async Chat Thread - #39/INFO]: [Not Secure] <MrLION7> 14 iron
[06:24:09] [Async Chat Thread - #38/INFO]: [Not Secure] <Erha> Untuk?
[06:24:28] [Async Chat Thread - #38/INFO]: [Not Secure] <MrLION7> 2 hopper untuk more storage di farm
[06:25:18] [Async Chat Thread - #38/INFO]: [Not Secure] <Erha> Oh iya iron gw udah dikit karena mati tadi
[06:25:23] [Async Chat Thread - #39/INFO]: [Not Secure] <MrLION7> fuk
[06:25:24] [Async Chat Thread - #38/INFO]: [Not Secure] <Erha> Mining lagi gw tar
[06:27:02] [Server thread/WARN]: Horse (vehicle of LordMax4581) moved wrongly! 0.35211181640625
[06:27:02] [Server thread/WARN]: Horse (vehicle of LordMax4581) moved wrongly! 0.82183837890625
[06:27:03] [Server thread/WARN]: Horse (vehicle of LordMax4581) moved wrongly! 1.09991455078125
[06:27:03] [Server thread/WARN]: Horse (vehicle of LordMax4581) moved wrongly! 0.7095947265625
[06:27:03] [Server thread/WARN]: Horse (vehicle of LordMax4581) moved wrongly! 0.44366455078125
[06:27:03] [Server thread/WARN]: Horse (vehicle of LordMax4581) moved wrongly! 0.26275634765625
[06:27:37] [Server thread/WARN]: Horse (vehicle of LordMax4581) moved wrongly! 0.27032470703125
[06:27:37] [Server thread/WARN]: Horse (vehicle of LordMax4581) moved wrongly! 0.69415283203125
[06:27:37] [Server thread/WARN]: Horse (vehicle of LordMax4581) moved wrongly! 0.42559814453125
[06:27:40] [Server thread/WARN]: Horse (vehicle of LordMax4581) moved wrongly! 0.458740234375
[06:27:40] [Server thread/WARN]: Horse (vehicle of LordMax4581) moved wrongly! 0.9615478515625
[06:27:40] [Server thread/WARN]: Horse (vehicle of LordMax4581) moved wrongly! 0.6422119140625
[06:27:40] [Server thread/WARN]: Horse (vehicle of LordMax4581) moved wrongly! 0.4273681640625
[06:27:40] [Server thread/WARN]: Horse (vehicle of LordMax4581) moved wrongly! 0.29205322265625
[06:27:43] [Server thread/WARN]: Horse (vehicle of LordMax4581) moved wrongly! 0.4444580078125
[06:27:43] [Server thread/WARN]: Horse (vehicle of LordMax4581) moved wrongly! 0.9300537109375
[06:28:08] [Server thread/WARN]: Horse (vehicle of LordMax4581) moved wrongly! 0.35394287109375
[06:28:08] [Server thread/WARN]: Horse (vehicle of LordMax4581) moved wrongly! 0.81866455078125
[06:28:08] [Server thread/WARN]: Horse (vehicle of LordMax4581) moved wrongly! 1.0
[06:28:08] [Server thread/WARN]: Horse (vehicle of LordMax4581) moved wrongly! 0.65533447265625
[06:28:09] [Server thread/WARN]: Horse (vehicle of LordMax4581) moved wrongly! 0.41375732421875
[06:29:21] [Async Chat Thread - #40/INFO]: [Not Secure] <MrLION7> RH
[06:29:27] [Async Chat Thread - #41/INFO]: [Not Secure] <MrLION7> tell me
[06:29:45] [Async Chat Thread - #40/INFO]: [Not Secure] <Erha> Ui
[06:29:58] [Async Chat Thread - #40/INFO]: [Not Secure] <MrLION7> does it hurt ?
[06:29:59] [Async Chat Thread - #42/INFO]: [Not Secure] <LordMax4581> h
[06:32:32] [Server thread/WARN]: Horse (vehicle of LordMax4581) moved wrongly! 0.58837890625
[06:32:32] [Server thread/WARN]: Horse (vehicle of LordMax4581) moved wrongly! 0.87884521484375
[06:32:32] [Server thread/WARN]: Horse (vehicle of LordMax4581) moved wrongly! 0.4913330078125
[06:33:54] [Server thread/INFO]: MrLION7 lost connection: Disconnected
[06:33:54] [Server thread/INFO]: MrLION7 left the game
[06:34:09] [Server thread/INFO]: Erha lost connection: Disconnected
[06:34:09] [Server thread/INFO]: Erha left the game
[06:34:30] [Server thread/WARN]: Horse (vehicle of LordMax4581) moved wrongly! 0.39373779296875
[06:34:30] [Server thread/WARN]: Horse (vehicle of LordMax4581) moved wrongly! 0.825439453125
[06:34:31] [Server thread/WARN]: Horse (vehicle of LordMax4581) moved wrongly! 0.26123046875
[06:34:31] [Server thread/WARN]: Horse (vehicle of LordMax4581) moved wrongly! 0.51910400390625
[06:36:52] [User Authenticator #23/INFO]: UUID of player Regyyy is 6d8443fc-689b-3165-8aec-87269d51b64e
[06:36:53] [Server thread/INFO]: Regyyy joined the game
[06:36:53] [Server thread/INFO]: Regyyy[/125.164.99.182:12362] logged in with entity id 76567 at ([world]107.39393712365474, 70.0, 105.59923808924572)
[06:38:06] [Server thread/INFO]: LordMax4581 lost connection: Disconnected
[06:38:06] [Server thread/INFO]: LordMax4581 left the game
[06:47:16] [Server thread/WARN]: Boat (vehicle of Regyyy) moved wrongly! 0.5634148802016057
[06:50:22] [User Authenticator #24/INFO]: UUID of player Erha is bd45ffeb-dc80-3267-971b-9cd919fe3180
[06:50:22] [Server thread/INFO]: Erha joined the game
[06:50:22] [Server thread/INFO]: Erha[/125.160.156.3:58903] logged in with entity id 81878 at ([world]7.300000011920929, 29.0, 169.30000001192093)
[06:55:12] [User Authenticator #25/INFO]: UUID of player LordMax4581 is 6606d17d-390b-3858-aa5c-3343f71255dc
[06:55:12] [Server thread/INFO]: LordMax4581 joined the game
[06:55:12] [Server thread/INFO]: LordMax4581[/127.0.0.1:46043] logged in with entity id 83985 at ([world]673.8501, 63.0, 536.565)
[06:56:57] [Async Chat Thread - #43/INFO]: [Not Secure] <Regyyy> saya terima sumbangan sand dirt gravel yang gak kepake
[06:57:15] [Async Chat Thread - #44/INFO]: [Not Secure] <Erha> Ga punya euy
[07:09:10] [Server thread/WARN]: Horse (vehicle of LordMax4581) moved wrongly! 0.25469970703125
[07:09:10] [Server thread/WARN]: Horse (vehicle of LordMax4581) moved wrongly! 0.5367431640625
[07:09:10] [Server thread/WARN]: Horse (vehicle of LordMax4581) moved wrongly! 0.703857421875
[07:09:57] [Server thread/WARN]: Horse (vehicle of LordMax4581) moved wrongly! 0.259063720703125
[07:09:57] [Server thread/WARN]: Horse (vehicle of LordMax4581) moved wrongly! 0.525726318359375
[07:09:57] [Server thread/WARN]: Horse (vehicle of LordMax4581) moved wrongly! 0.77777099609375
[07:09:58] [Server thread/WARN]: Horse (vehicle of LordMax4581) moved wrongly! 0.37689208984375
[07:09:58] [Server thread/WARN]: Horse (vehicle of LordMax4581) moved wrongly! 0.85369873046875
[07:09:58] [Server thread/WARN]: Horse (vehicle of LordMax4581) moved wrongly! 0.44439697265625
[07:09:58] [Server thread/WARN]: Horse (vehicle of LordMax4581) moved wrongly! 0.9071044921875
[07:09:58] [Server thread/WARN]: Horse (vehicle of LordMax4581) moved wrongly! 0.85272216796875
[07:09:58] [Server thread/WARN]: Horse (vehicle of LordMax4581) moved wrongly! 0.57269287109375
[07:09:58] [Server thread/WARN]: Horse (vehicle of LordMax4581) moved wrongly! 0.38507080078125
[07:09:58] [Server thread/WARN]: Horse (vehicle of LordMax4581) moved wrongly! 0.258544921875
[07:10:05] [Server thread/WARN]: Horse (vehicle of LordMax4581) moved wrongly! 0.468170166015625
[07:10:05] [Server thread/WARN]: Horse (vehicle of LordMax4581) moved wrongly! 0.9532928466796875
[07:10:05] [Server thread/WARN]: Horse (vehicle of LordMax4581) moved wrongly! 0.4092254638671875
[07:10:05] [Server thread/WARN]: Horse (vehicle of LordMax4581) moved wrongly! 0.988037109375
[07:10:05] [Server thread/WARN]: Horse (vehicle of LordMax4581) moved wrongly! 0.9854278564453125
[07:10:05] [Server thread/WARN]: Horse (vehicle of LordMax4581) moved wrongly! 0.60528564453125
[07:10:06] [Server thread/WARN]: Horse (vehicle of LordMax4581) moved wrongly! 0.346923828125
[07:15:57] [Server thread/INFO]: LordMax4581 lost connection: Disconnected
[07:15:57] [Server thread/INFO]: LordMax4581 left the game
[07:16:55] [User Authenticator #26/INFO]: UUID of player LordMax4581 is 6606d17d-390b-3858-aa5c-3343f71255dc
[07:16:55] [Server thread/INFO]: LordMax4581 joined the game
[07:16:55] [Server thread/INFO]: LordMax4581[/127.0.0.1:59179] logged in with entity id 92751 at ([world]29.762602, 47.0, 466.63422)
[07:24:44] [Server thread/INFO]: LordMax4581 has made the advancement [Not Today, Thank You]
[07:24:50] [Server thread/INFO]: LordMax4581 has made the advancement [Monster Hunter]
[07:25:10] [Server thread/INFO]: Regyyy lost connection: Disconnected
[07:25:10] [Server thread/INFO]: Regyyy left the game
[07:25:18] [Server thread/INFO]: LordMax4581 has made the advancement [Diamonds!]
[07:25:40] [Server thread/INFO]: LordMax4581 was shot by Skeleton
[07:36:19] [User Authenticator #27/INFO]: UUID of player anotherMIsa is 1f81fcbc-5c84-359a-87c6-0b01ed9e427e
[07:36:19] [Server thread/INFO]: anotherMIsa joined the game
[07:36:19] [Server thread/INFO]: anotherMIsa[/125.164.20.78:24914] logged in with entity id 99895 at ([world]65.98897730135518, 67.0625, 167.05965418231338)
[07:50:48] [Server thread/INFO]: LordMax4581 was shot by Skeleton
[07:55:52] [Server thread/INFO]: LordMax4581 was shot by Skeleton
[07:57:10] [Server thread/INFO]: LordMax4581 was shot by Skeleton
[07:59:52] [Server thread/INFO]: anotherMIsa lost connection: Disconnected
[07:59:52] [Server thread/INFO]: anotherMIsa left the game
[08:02:06] [Server thread/INFO]: LordMax4581 was slain by Zombie
[08:02:20] [Server thread/INFO]: LordMax4581 lost connection: Disconnected
[08:02:20] [Server thread/INFO]: LordMax4581 left the game
[08:14:49] [Server thread/INFO]: Erha was killed by [Intentional Game Design]
[08:22:26] [User Authenticator #28/INFO]: UUID of player MrLION7 is 06eec3e3-25cc-33fc-bd81-524482930834
[08:22:26] [Server thread/INFO]: MrLION7 joined the game
[08:22:26] [Server thread/INFO]: MrLION7[/103.194.175.70:60992] logged in with entity id 115708 at ([world]87.30000001192093, 71.0, 115.7479118147821)
[08:35:06] [Server thread/INFO]: MrLION7 has made the advancement [What a Deal!]
[08:45:47] [User Authenticator #29/INFO]: UUID of player anotherMIsa is 1f81fcbc-5c84-359a-87c6-0b01ed9e427e
[08:45:47] [Server thread/INFO]: anotherMIsa joined the game
[08:45:47] [Server thread/INFO]: anotherMIsa[/125.164.22.251:19581] logged in with entity id 120474 at ([world]36.29116017639796, 63.0, 131.69999998807907)
[08:53:00] [Server thread/INFO]: MrLION7 lost connection: Disconnected
[08:53:00] [Server thread/INFO]: MrLION7 left the game
[09:11:45] [Server thread/INFO]: anotherMIsa lost connection: Disconnected
[09:11:45] [Server thread/INFO]: anotherMIsa left the game
[09:28:42] [Server thread/INFO]: Erha lost connection: Disconnected
[09:28:42] [Server thread/INFO]: Erha left the game
[10:02:10] [User Authenticator #30/INFO]: UUID of player anotherMIsa is 1f81fcbc-5c84-359a-87c6-0b01ed9e427e
[10:02:10] [Server thread/INFO]: anotherMIsa joined the game
[10:02:10] [Server thread/INFO]: anotherMIsa[/125.164.20.78:10494] logged in with entity id 127686 at ([world]146.03992905485043, 85.74739280407248, 450.37347821861783)
[10:03:38] [Server thread/INFO]: Saving the game (this may take a moment!)
[10:03:39] [Server thread/INFO]: Saved the game
